<?xml version="1.0" encoding="UTF-8"?>
<!-- Generated by org.testng.reporters.JUnitReportReporter -->
<testsuite hostname="LAPTOP-K9QTCTTE" failures="0" tests="6" name="Basic.SampleTestNG" time="0.021" errors="0" timestamp="2022-11-05T00:20:26 IST" skipped="1">
  <testcase classname="Basic.SampleTestNG" name="test2" time="0.010"/>
  <system-out/>
  <testcase classname="Basic.SampleTestNG" name="test3" time="0.004"/>
  <system-out/>
  <testcase classname="Basic.SampleTestNG" name="test1" time="0.003"/>
  <system-out/>
  <testcase classname="Basic.SampleTestNG" name="test1" time="0.001"/>
  <system-out/>
  <testcase classname="Basic.SampleTestNG" name="test1" time="0.003"/>
  <system-out/>
  <testcase classname="Basic.SampleTestNG" name="test">
    <skipped/>
  </testcase> <!-- test -->
  <system-out/>
</testsuite> <!-- Basic.SampleTestNG -->
